0 info it worked if it ends with ok
1 verbose cli [ 'C:\\Program Files (x86)\\nodejs\\\\node.exe',
1 verbose cli   'C:\\Program Files (x86)\\nodejs\\node_modules\\npm\\bin\\npm-cli.js',
1 verbose cli   'install' ]
2 info using npm@3.9.5
3 info using node@v0.12.2
4 silly loadCurrentTree Starting
5 silly install loadCurrentTree
6 silly install readLocalPackageData
7 silly install normalizeTree
8 silly loadCurrentTree Finishing
9 silly loadIdealTree Starting
10 silly install loadIdealTree
11 silly cloneCurrentTree Starting
12 silly install cloneCurrentTreeToIdealTree
13 silly cloneCurrentTree Finishing
14 silly loadShrinkwrap Starting
15 silly install loadShrinkwrap
16 silly loadShrinkwrap Finishing
17 silly loadAllDepsIntoIdealTree Starting
18 silly install loadAllDepsIntoIdealTree
19 silly fetchNamedPackageData react
20 silly mapToRegistry name react
21 silly mapToRegistry using default registry
22 silly mapToRegistry registry https://registry.npmjs.org/
23 silly mapToRegistry data { raw: 'react',
23 silly mapToRegistry   scope: null,
23 silly mapToRegistry   name: 'react',
23 silly mapToRegistry   rawSpec: '',
23 silly mapToRegistry   spec: 'latest',
23 silly mapToRegistry   type: 'tag' }
24 silly mapToRegistry uri https://registry.npmjs.org/react
25 silly fetchNamedPackageData react-dom
26 silly mapToRegistry name react-dom
27 silly mapToRegistry using default registry
28 silly mapToRegistry registry https://registry.npmjs.org/
29 silly mapToRegistry data { raw: 'react-dom',
29 silly mapToRegistry   scope: null,
29 silly mapToRegistry   name: 'react-dom',
29 silly mapToRegistry   rawSpec: '',
29 silly mapToRegistry   spec: 'latest',
29 silly mapToRegistry   type: 'tag' }
30 silly mapToRegistry uri https://registry.npmjs.org/react-dom
31 silly fetchNamedPackageData react-redux
32 silly mapToRegistry name react-redux
33 silly mapToRegistry using default registry
34 silly mapToRegistry registry https://registry.npmjs.org/
35 silly mapToRegistry data { raw: 'react-redux',
35 silly mapToRegistry   scope: null,
35 silly mapToRegistry   name: 'react-redux',
35 silly mapToRegistry   rawSpec: '',
35 silly mapToRegistry   spec: 'latest',
35 silly mapToRegistry   type: 'tag' }
36 silly mapToRegistry uri https://registry.npmjs.org/react-redux
37 silly fetchNamedPackageData react-router
38 silly mapToRegistry name react-router
39 silly mapToRegistry using default registry
40 silly mapToRegistry registry https://registry.npmjs.org/
41 silly mapToRegistry data { raw: 'react-router',
41 silly mapToRegistry   scope: null,
41 silly mapToRegistry   name: 'react-router',
41 silly mapToRegistry   rawSpec: '',
41 silly mapToRegistry   spec: 'latest',
41 silly mapToRegistry   type: 'tag' }
42 silly mapToRegistry uri https://registry.npmjs.org/react-router
43 silly fetchNamedPackageData redux
44 silly mapToRegistry name redux
45 silly mapToRegistry using default registry
46 silly mapToRegistry registry https://registry.npmjs.org/
47 silly mapToRegistry data { raw: 'redux',
47 silly mapToRegistry   scope: null,
47 silly mapToRegistry   name: 'redux',
47 silly mapToRegistry   rawSpec: '',
47 silly mapToRegistry   spec: 'latest',
47 silly mapToRegistry   type: 'tag' }
48 silly mapToRegistry uri https://registry.npmjs.org/redux
49 silly fetchNamedPackageData terminal
50 silly mapToRegistry name terminal
51 silly mapToRegistry using default registry
52 silly mapToRegistry registry https://registry.npmjs.org/
53 silly mapToRegistry data { raw: 'terminal',
53 silly mapToRegistry   scope: null,
53 silly mapToRegistry   name: 'terminal',
53 silly mapToRegistry   rawSpec: '',
53 silly mapToRegistry   spec: 'latest',
53 silly mapToRegistry   type: 'tag' }
54 silly mapToRegistry uri https://registry.npmjs.org/terminal
55 silly fetchNamedPackageData lodash
56 silly mapToRegistry name lodash
57 silly mapToRegistry using default registry
58 silly mapToRegistry registry https://registry.npmjs.org/
59 silly mapToRegistry data { raw: 'lodash',
59 silly mapToRegistry   scope: null,
59 silly mapToRegistry   name: 'lodash',
59 silly mapToRegistry   rawSpec: '',
59 silly mapToRegistry   spec: 'latest',
59 silly mapToRegistry   type: 'tag' }
60 silly mapToRegistry uri https://registry.npmjs.org/lodash
61 verbose request uri https://registry.npmjs.org/react-router
62 verbose request no auth needed
63 info attempt registry request try #1 at 00:12:10
64 verbose request id a343018473365d82
65 http request GET https://registry.npmjs.org/react-router
66 verbose request uri https://registry.npmjs.org/terminal
67 verbose request no auth needed
68 info attempt registry request try #1 at 00:12:10
69 http request GET https://registry.npmjs.org/terminal
70 verbose request uri https://registry.npmjs.org/react-dom
71 verbose request no auth needed
72 info attempt registry request try #1 at 00:12:10
73 verbose etag "D3U9RE0YX6RUK6ULWZFK8AVBO"
74 http request GET https://registry.npmjs.org/react-dom
75 verbose request uri https://registry.npmjs.org/react
76 verbose request no auth needed
77 info attempt registry request try #1 at 00:12:10
78 verbose etag "AQNYRZRK3SE6RN4G4RZB4EHUC"
79 http request GET https://registry.npmjs.org/react
80 verbose request uri https://registry.npmjs.org/react-redux
81 verbose request no auth needed
82 info attempt registry request try #1 at 00:12:10
83 verbose etag "995A1XGG0MO3KF3P2NJHJRKA"
84 http request GET https://registry.npmjs.org/react-redux
85 verbose request uri https://registry.npmjs.org/redux
86 verbose request no auth needed
87 info attempt registry request try #1 at 00:12:11
88 verbose etag "8BWP5KU1D0WG5JE4NVOPH04X8"
89 http request GET https://registry.npmjs.org/redux
90 verbose request uri https://registry.npmjs.org/lodash
91 verbose request no auth needed
92 info attempt registry request try #1 at 00:12:11
93 verbose etag "1RJHIFE95CPI2LS6ZDFHJGED1"
94 http request GET https://registry.npmjs.org/lodash
95 http 200 https://registry.npmjs.org/lodash
96 verbose headers { server: 'CouchDB/1.5.0 (Erlang OTP/R16B03)',
96 verbose headers   etag: '"810MP56B3XB39ODAQNPJA9D2V"',
96 verbose headers   'content-type': 'application/json',
96 verbose headers   'content-encoding': 'gzip',
96 verbose headers   'cache-control': 'max-age=300',
96 verbose headers   'content-length': '17584',
96 verbose headers   'accept-ranges': 'bytes',
96 verbose headers   date: 'Thu, 23 Jun 2016 16:12:05 GMT',
96 verbose headers   via: '1.1 varnish',
96 verbose headers   age: '188',
96 verbose headers   connection: 'keep-alive',
96 verbose headers   'x-served-by': 'cache-itm7424-ITM',
96 verbose headers   'x-cache': 'HIT',
96 verbose headers   'x-cache-hits': '6',
96 verbose headers   'x-timer': 'S1466698325.063739,VS0,VE0',
96 verbose headers   vary: 'Accept-Encoding' }
97 silly get cb [ 200,
97 silly get   { server: 'CouchDB/1.5.0 (Erlang OTP/R16B03)',
97 silly get     etag: '"810MP56B3XB39ODAQNPJA9D2V"',
97 silly get     'content-type': 'application/json',
97 silly get     'content-encoding': 'gzip',
97 silly get     'cache-control': 'max-age=300',
97 silly get     'content-length': '17584',
97 silly get     'accept-ranges': 'bytes',
97 silly get     date: 'Thu, 23 Jun 2016 16:12:05 GMT',
97 silly get     via: '1.1 varnish',
97 silly get     age: '188',
97 silly get     connection: 'keep-alive',
97 silly get     'x-served-by': 'cache-itm7424-ITM',
97 silly get     'x-cache': 'HIT',
97 silly get     'x-cache-hits': '6',
97 silly get     'x-timer': 'S1466698325.063739,VS0,VE0',
97 silly get     vary: 'Accept-Encoding' } ]
98 verbose get saving lodash to C:\Users\jiasa\AppData\Roaming\npm-cache\registry.npmjs.org\lodash\.cache.json
99 verbose correctMkdir C:\Users\jiasa\AppData\Roaming\npm-cache correctMkdir not in flight; initializing
100 silly resolveWithNewModule lodash@4.13.1 checking installable status
101 silly cache add args [ 'lodash@^4.13.1', null ]
102 verbose cache add spec lodash@^4.13.1
103 silly cache add parsed spec { raw: 'lodash@^4.13.1',
103 silly cache add   scope: null,
103 silly cache add   name: 'lodash',
103 silly cache add   rawSpec: '^4.13.1',
103 silly cache add   spec: '>=4.13.1 <5.0.0',
103 silly cache add   type: 'range' }
104 silly addNamed lodash@>=4.13.1 <5.0.0
105 verbose addNamed ">=4.13.1 <5.0.0" is a valid semver range for lodash
106 silly addNameRange { name: 'lodash', range: '>=4.13.1 <5.0.0', hasData: false }
107 silly mapToRegistry name lodash
108 silly mapToRegistry using default registry
109 silly mapToRegistry registry https://registry.npmjs.org/
110 silly mapToRegistry data { raw: 'lodash',
110 silly mapToRegistry   scope: null,
110 silly mapToRegistry   name: 'lodash',
110 silly mapToRegistry   rawSpec: '',
110 silly mapToRegistry   spec: 'latest',
110 silly mapToRegistry   type: 'tag' }
111 silly mapToRegistry uri https://registry.npmjs.org/lodash
112 verbose addNameRange registry:https://registry.npmjs.org/lodash not in flight; fetching
113 verbose get https://registry.npmjs.org/lodash not expired, no request
114 silly addNameRange number 2 { name: 'lodash', range: '>=4.13.1 <5.0.0', hasData: true }
115 silly addNameRange versions [ 'lodash',
115 silly addNameRange   [ '0.1.0',
115 silly addNameRange     '0.2.0',
115 silly addNameRange     '0.2.1',
115 silly addNameRange     '0.2.2',
115 silly addNameRange     '0.3.0',
115 silly addNameRange     '0.3.1',
115 silly addNameRange     '0.3.2',
115 silly addNameRange     '0.4.0',
115 silly addNameRange     '0.4.1',
115 silly addNameRange     '0.4.2',
115 silly addNameRange     '0.5.0-rc.1',
115 silly addNameRange     '0.5.0',
115 silly addNameRange     '0.5.1',
115 silly addNameRange     '0.5.2',
115 silly addNameRange     '0.6.0',
115 silly addNameRange     '0.6.1',
115 silly addNameRange     '0.7.0',
115 silly addNameRange     '0.8.0',
115 silly addNameRange     '0.8.1',
115 silly addNameRange     '0.8.2',
115 silly addNameRange     '0.9.0',
115 silly addNameRange     '0.9.1',
115 silly addNameRange     '0.9.2',
115 silly addNameRange     '0.10.0',
115 silly addNameRange     '1.0.0-rc.1',
115 silly addNameRange     '1.0.0-rc.2',
115 silly addNameRange     '1.0.0-rc.3',
115 silly addNameRange     '1.0.0',
115 silly addNameRange     '1.0.1',
115 silly addNameRange     '1.1.0',
115 silly addNameRange     '1.1.1',
115 silly addNameRange     '1.2.0',
115 silly addNameRange     '1.2.1',
115 silly addNameRange     '1.3.0',
115 silly addNameRange     '1.3.1',
115 silly addNameRange     '2.0.0',
115 silly addNameRange     '2.1.0',
115 silly addNameRange     '2.2.0',
115 silly addNameRange     '2.2.1',
115 silly addNameRange     '2.3.0',
115 silly addNameRange     '2.4.0',
115 silly addNameRange     '2.4.1',
115 silly addNameRange     '3.0.0',
115 silly addNameRange     '3.0.1',
115 silly addNameRange     '3.1.0',
115 silly addNameRange     '3.2.0',
115 silly addNameRange     '3.3.0',
115 silly addNameRange     '3.3.1',
115 silly addNameRange     '3.4.0',
115 silly addNameRange     '3.5.0',
115 silly addNameRange     '3.6.0',
115 silly addNameRange     '1.0.2',
115 silly addNameRange     '3.7.0',
115 silly addNameRange     '2.4.2',
115 silly addNameRange     '3.8.0',
115 silly addNameRange     '3.9.0',
115 silly addNameRange     '3.9.1',
115 silly addNameRange     '3.9.2',
115 silly addNameRange     '3.9.3',
115 silly addNameRange     '3.10.0',
115 silly addNameRange     '3.10.1',
115 silly addNameRange     '4.0.0',
115 silly addNameRange     '4.0.1',
115 silly addNameRange     '4.1.0',
115 silly addNameRange     '4.2.0',
115 silly addNameRange     '4.2.1',
115 silly addNameRange     '4.3.0',
115 silly addNameRange     '4.4.0',
115 silly addNameRange     '4.5.0',
115 silly addNameRange     '4.5.1',
115 silly addNameRange     '4.6.0',
115 silly addNameRange     '4.6.1',
115 silly addNameRange     '4.7.0',
115 silly addNameRange     '4.8.0',
115 silly addNameRange     '4.8.1',
115 silly addNameRange     '4.8.2',
115 silly addNameRange     '4.9.0',
115 silly addNameRange     '4.10.0',
115 silly addNameRange     '4.11.0',
115 silly addNameRange     '4.11.1',
115 silly addNameRange     '4.11.2',
115 silly addNameRange     '4.12.0',
115 silly addNameRange     '4.13.0',
115 silly addNameRange     '4.13.1' ] ]
116 silly addNamed lodash@4.13.1
117 verbose addNamed "4.13.1" is a plain semver version for lodash
118 silly cache afterAdd lodash@4.13.1
119 verbose afterAdd C:\Users\jiasa\AppData\Roaming\npm-cache\lodash\4.13.1\package\package.json not in flight; writing
120 verbose correctMkdir C:\Users\jiasa\AppData\Roaming\npm-cache correctMkdir not in flight; initializing
121 verbose afterAdd C:\Users\jiasa\AppData\Roaming\npm-cache\lodash\4.13.1\package\package.json written
122 http 200 https://registry.npmjs.org/react-dom
123 verbose headers { server: 'CouchDB/1.5.0 (Erlang OTP/R16B03)',
123 verbose headers   etag: '"CAIKB60XYXK44QS0EWIJYYWYM"',
123 verbose headers   'content-type': 'application/json',
123 verbose headers   'content-encoding': 'gzip',
123 verbose headers   'cache-control': 'max-age=300',
123 verbose headers   'content-length': '5399',
123 verbose headers   'accept-ranges': 'bytes',
123 verbose headers   date: 'Thu, 23 Jun 2016 16:12:05 GMT',
123 verbose headers   via: '1.1 varnish',
123 verbose headers   age: '0',
123 verbose headers   connection: 'keep-alive',
123 verbose headers   'x-served-by': 'cache-itm7420-ITM',
123 verbose headers   'x-cache': 'HIT',
123 verbose headers   'x-cache-hits': '1',
123 verbose headers   'x-timer': 'S1466698325.039278,VS0,VE604',
123 verbose headers   vary: 'Accept-Encoding' }
124 silly get cb [ 200,
124 silly get   { server: 'CouchDB/1.5.0 (Erlang OTP/R16B03)',
124 silly get     etag: '"CAIKB60XYXK44QS0EWIJYYWYM"',
124 silly get     'content-type': 'application/json',
124 silly get     'content-encoding': 'gzip',
124 silly get     'cache-control': 'max-age=300',
124 silly get     'content-length': '5399',
124 silly get     'accept-ranges': 'bytes',
124 silly get     date: 'Thu, 23 Jun 2016 16:12:05 GMT',
124 silly get     via: '1.1 varnish',
124 silly get     age: '0',
124 silly get     connection: 'keep-alive',
124 silly get     'x-served-by': 'cache-itm7420-ITM',
124 silly get     'x-cache': 'HIT',
124 silly get     'x-cache-hits': '1',
124 silly get     'x-timer': 'S1466698325.039278,VS0,VE604',
124 silly get     vary: 'Accept-Encoding' } ]
125 verbose get saving react-dom to C:\Users\jiasa\AppData\Roaming\npm-cache\registry.npmjs.org\react-dom\.cache.json
126 verbose correctMkdir C:\Users\jiasa\AppData\Roaming\npm-cache correctMkdir not in flight; initializing
127 silly resolveWithNewModule react-dom@15.1.0 checking installable status
128 silly cache add args [ 'react-dom@^15.1.0', null ]
129 verbose cache add spec react-dom@^15.1.0
130 silly cache add parsed spec { raw: 'react-dom@^15.1.0',
130 silly cache add   scope: null,
130 silly cache add   name: 'react-dom',
130 silly cache add   rawSpec: '^15.1.0',
130 silly cache add   spec: '>=15.1.0 <16.0.0',
130 silly cache add   type: 'range' }
131 silly addNamed react-dom@>=15.1.0 <16.0.0
132 verbose addNamed ">=15.1.0 <16.0.0" is a valid semver range for react-dom
133 silly addNameRange { name: 'react-dom', range: '>=15.1.0 <16.0.0', hasData: false }
134 silly mapToRegistry name react-dom
135 silly mapToRegistry using default registry
136 silly mapToRegistry registry https://registry.npmjs.org/
137 silly mapToRegistry data { raw: 'react-dom',
137 silly mapToRegistry   scope: null,
137 silly mapToRegistry   name: 'react-dom',
137 silly mapToRegistry   rawSpec: '',
137 silly mapToRegistry   spec: 'latest',
137 silly mapToRegistry   type: 'tag' }
138 silly mapToRegistry uri https://registry.npmjs.org/react-dom
139 verbose addNameRange registry:https://registry.npmjs.org/react-dom not in flight; fetching
140 http 200 https://registry.npmjs.org/terminal
141 verbose headers { server: 'CouchDB/1.5.0 (Erlang OTP/R16B03)',
141 verbose headers   etag: '"5SQ3K9WNQWKLA4V8JZIAU8YQM"',
141 verbose headers   'content-type': 'application/json',
141 verbose headers   'content-encoding': 'gzip',
141 verbose headers   'cache-control': 'max-age=300',
141 verbose headers   'content-length': '1241',
141 verbose headers   'accept-ranges': 'bytes',
141 verbose headers   date: 'Thu, 23 Jun 2016 16:12:05 GMT',
141 verbose headers   via: '1.1 varnish',
141 verbose headers   age: '0',
141 verbose headers   connection: 'keep-alive',
141 verbose headers   'x-served-by': 'cache-itm7423-ITM',
141 verbose headers   'x-cache': 'MISS',
141 verbose headers   'x-cache-hits': '0',
141 verbose headers   'x-timer': 'S1466698325.035990,VS0,VE630',
141 verbose headers   vary: 'Accept-Encoding' }
142 silly get cb [ 200,
142 silly get   { server: 'CouchDB/1.5.0 (Erlang OTP/R16B03)',
142 silly get     etag: '"5SQ3K9WNQWKLA4V8JZIAU8YQM"',
142 silly get     'content-type': 'application/json',
142 silly get     'content-encoding': 'gzip',
142 silly get     'cache-control': 'max-age=300',
142 silly get     'content-length': '1241',
142 silly get     'accept-ranges': 'bytes',
142 silly get     date: 'Thu, 23 Jun 2016 16:12:05 GMT',
142 silly get     via: '1.1 varnish',
142 silly get     age: '0',
142 silly get     connection: 'keep-alive',
142 silly get     'x-served-by': 'cache-itm7423-ITM',
142 silly get     'x-cache': 'MISS',
142 silly get     'x-cache-hits': '0',
142 silly get     'x-timer': 'S1466698325.035990,VS0,VE630',
142 silly get     vary: 'Accept-Encoding' } ]
143 verbose get saving terminal to C:\Users\jiasa\AppData\Roaming\npm-cache\registry.npmjs.org\terminal\.cache.json
144 verbose correctMkdir C:\Users\jiasa\AppData\Roaming\npm-cache correctMkdir not in flight; initializing
145 verbose get https://registry.npmjs.org/react-dom not expired, no request
146 silly addNameRange number 2 { name: 'react-dom', range: '>=15.1.0 <16.0.0', hasData: true }
147 silly addNameRange versions [ 'react-dom',
147 silly addNameRange   [ '0.1.0',
147 silly addNameRange     '0.14.0-beta1',
147 silly addNameRange     '0.14.0-beta2',
147 silly addNameRange     '0.14.0-beta3',
147 silly addNameRange     '0.14.0-rc1',
147 silly addNameRange     '0.14.0',
147 silly addNameRange     '0.14.1',
147 silly addNameRange     '0.14.2',
147 silly addNameRange     '0.14.3',
147 silly addNameRange     '0.14.4',
147 silly addNameRange     '0.14.5',
147 silly addNameRange     '0.14.6',
147 silly addNameRange     '0.15.0-alpha.1',
147 silly addNameRange     '0.14.7',
147 silly addNameRange     '15.0.0-rc.1',
147 silly addNameRange     '15.0.0-rc.2',
147 silly addNameRange     '0.14.8',
147 silly addNameRange     '15.0.0',
147 silly addNameRange     '15.0.1',
147 silly addNameRange     '15.0.2-alpha.1',
147 silly addNameRange     '15.0.2-alpha.2',
147 silly addNameRange     '15.0.2-alpha.3',
147 silly addNameRange     '15.0.2-alpha.4',
147 silly addNameRange     '15.0.2',
147 silly addNameRange     '15.0.3-alpha.1',
147 silly addNameRange     '15.0.3-alpha.2',
147 silly addNameRange     '15.1.0-alpha.1',
147 silly addNameRange     '15.1.0',
147 silly addNameRange     '15.2.0-rc.1' ] ]
148 silly addNamed react-dom@15.1.0
149 verbose addNamed "15.1.0" is a plain semver version for react-dom
150 silly cache afterAdd react-dom@15.1.0
151 verbose afterAdd C:\Users\jiasa\AppData\Roaming\npm-cache\react-dom\15.1.0\package\package.json not in flight; writing
152 verbose correctMkdir C:\Users\jiasa\AppData\Roaming\npm-cache correctMkdir not in flight; initializing
153 http 304 https://registry.npmjs.org/react-redux
154 verbose headers { date: 'Thu, 23 Jun 2016 16:12:05 GMT',
154 verbose headers   via: '1.1 varnish',
154 verbose headers   'cache-control': 'max-age=300',
154 verbose headers   etag: '"995A1XGG0MO3KF3P2NJHJRKA"',
154 verbose headers   age: '0',
154 verbose headers   connection: 'keep-alive',
154 verbose headers   'x-served-by': 'cache-itm7423-ITM',
154 verbose headers   'x-cache': 'HIT',
154 verbose headers   'x-cache-hits': '1',
154 verbose headers   'x-timer': 'S1466698325.067504,VS0,VE602',
154 verbose headers   vary: 'Accept-Encoding' }
155 silly get cb [ 304,
155 silly get   { date: 'Thu, 23 Jun 2016 16:12:05 GMT',
155 silly get     via: '1.1 varnish',
155 silly get     'cache-control': 'max-age=300',
155 silly get     etag: '"995A1XGG0MO3KF3P2NJHJRKA"',
155 silly get     age: '0',
155 silly get     connection: 'keep-alive',
155 silly get     'x-served-by': 'cache-itm7423-ITM',
155 silly get     'x-cache': 'HIT',
155 silly get     'x-cache-hits': '1',
155 silly get     'x-timer': 'S1466698325.067504,VS0,VE602',
155 silly get     vary: 'Accept-Encoding' } ]
156 verbose etag https://registry.npmjs.org/react-redux from cache
157 verbose get saving react-redux to C:\Users\jiasa\AppData\Roaming\npm-cache\registry.npmjs.org\react-redux\.cache.json
158 verbose correctMkdir C:\Users\jiasa\AppData\Roaming\npm-cache correctMkdir not in flight; initializing
159 silly resolveWithNewModule terminal@0.1.4 checking installable status
160 silly cache add args [ 'terminal@^0.1.4', null ]
161 verbose cache add spec terminal@^0.1.4
162 silly cache add parsed spec { raw: 'terminal@^0.1.4',
162 silly cache add   scope: null,
162 silly cache add   name: 'terminal',
162 silly cache add   rawSpec: '^0.1.4',
162 silly cache add   spec: '>=0.1.4 <0.2.0',
162 silly cache add   type: 'range' }
163 silly addNamed terminal@>=0.1.4 <0.2.0
164 verbose addNamed ">=0.1.4 <0.2.0" is a valid semver range for terminal
165 silly addNameRange { name: 'terminal', range: '>=0.1.4 <0.2.0', hasData: false }
166 silly mapToRegistry name terminal
167 silly mapToRegistry using default registry
168 silly mapToRegistry registry https://registry.npmjs.org/
169 silly mapToRegistry data { raw: 'terminal',
169 silly mapToRegistry   scope: null,
169 silly mapToRegistry   name: 'terminal',
169 silly mapToRegistry   rawSpec: '',
169 silly mapToRegistry   spec: 'latest',
169 silly mapToRegistry   type: 'tag' }
170 silly mapToRegistry uri https://registry.npmjs.org/terminal
171 verbose addNameRange registry:https://registry.npmjs.org/terminal not in flight; fetching
172 verbose afterAdd C:\Users\jiasa\AppData\Roaming\npm-cache\react-dom\15.1.0\package\package.json written
173 verbose get https://registry.npmjs.org/terminal not expired, no request
174 silly addNameRange number 2 { name: 'terminal', range: '>=0.1.4 <0.2.0', hasData: true }
175 silly addNameRange versions [ 'terminal', [ '0.1.0', '0.1.1', '0.1.2', '0.1.3', '0.1.4' ] ]
176 silly addNamed terminal@0.1.4
177 verbose addNamed "0.1.4" is a plain semver version for terminal
178 silly mapToRegistry name terminal
179 silly mapToRegistry using default registry
180 silly mapToRegistry registry https://registry.npmjs.org/
181 silly mapToRegistry data { raw: 'terminal',
181 silly mapToRegistry   scope: null,
181 silly mapToRegistry   name: 'terminal',
181 silly mapToRegistry   rawSpec: '',
181 silly mapToRegistry   spec: 'latest',
181 silly mapToRegistry   type: 'tag' }
182 silly mapToRegistry uri https://registry.npmjs.org/terminal
183 verbose addRemoteTarball https://registry.npmjs.org/terminal/-/terminal-0.1.4.tgz not in flight; adding
184 verbose addRemoteTarball [ 'https://registry.npmjs.org/terminal/-/terminal-0.1.4.tgz',
184 verbose addRemoteTarball   '94420265fb796f2a0fa04e91e1b49493b0198ba1' ]
185 silly resolveWithNewModule react-redux@4.4.5 checking installable status
186 silly cache add args [ 'react-redux@^4.4.5', null ]
187 verbose cache add spec react-redux@^4.4.5
188 silly cache add parsed spec { raw: 'react-redux@^4.4.5',
188 silly cache add   scope: null,
188 silly cache add   name: 'react-redux',
188 silly cache add   rawSpec: '^4.4.5',
188 silly cache add   spec: '>=4.4.5 <5.0.0',
188 silly cache add   type: 'range' }
189 silly addNamed react-redux@>=4.4.5 <5.0.0
190 verbose addNamed ">=4.4.5 <5.0.0" is a valid semver range for react-redux
191 silly addNameRange { name: 'react-redux', range: '>=4.4.5 <5.0.0', hasData: false }
192 silly mapToRegistry name react-redux
193 silly mapToRegistry using default registry
194 silly mapToRegistry registry https://registry.npmjs.org/
195 silly mapToRegistry data { raw: 'react-redux',
195 silly mapToRegistry   scope: null,
195 silly mapToRegistry   name: 'react-redux',
195 silly mapToRegistry   rawSpec: '',
195 silly mapToRegistry   spec: 'latest',
195 silly mapToRegistry   type: 'tag' }
196 silly mapToRegistry uri https://registry.npmjs.org/react-redux
197 verbose addNameRange registry:https://registry.npmjs.org/react-redux not in flight; fetching
198 verbose get https://registry.npmjs.org/react-redux not expired, no request
199 silly addNameRange number 2 { name: 'react-redux', range: '>=4.4.5 <5.0.0', hasData: true }
200 silly addNameRange versions [ 'react-redux',
200 silly addNameRange   [ '0.1.0',
200 silly addNameRange     '1.0.0-alpha',
200 silly addNameRange     '0.2.0',
200 silly addNameRange     '0.2.1',
200 silly addNameRange     '0.2.2',
200 silly addNameRange     '0.3.0',
200 silly addNameRange     '0.4.0',
200 silly addNameRange     '0.5.0',
200 silly addNameRange     '0.5.1',
200 silly addNameRange     '0.5.2',
200 silly addNameRange     '0.5.3',
200 silly addNameRange     '0.6.0',
200 silly addNameRange     '0.7.0',
200 silly addNameRange     '0.8.0',
200 silly addNameRange     '0.8.1',
200 silly addNameRange     '0.8.2',
200 silly addNameRange     '0.9.0',
200 silly addNameRange     '1.0.0',
200 silly addNameRange     '1.0.1',
200 silly addNameRange     '2.0.0',
200 silly addNameRange     '2.1.0',
200 silly addNameRange     '2.1.1',
200 silly addNameRange     '2.1.2',
200 silly addNameRange     '3.0.0-alpha',
200 silly addNameRange     '3.0.0',
200 silly addNameRange     '3.0.1',
200 silly addNameRange     '3.1.0',
200 silly addNameRange     '4.0.0',
200 silly addNameRange     '3.1.1',
200 silly addNameRange     '4.0.1',
200 silly addNameRange     '3.1.2',
200 silly addNameRange     '4.0.2',
200 silly addNameRange     '4.0.3',
200 silly addNameRange     '4.0.4',
200 silly addNameRange     '4.0.5',
200 silly addNameRange     '4.0.6',
200 silly addNameRange     '4.1.0',
200 silly addNameRange     '4.1.1',
200 silly addNameRange     '4.1.2',
200 silly addNameRange     '4.2.0',
200 silly addNameRange     '4.2.1',
200 silly addNameRange     '4.3.0',
200 silly addNameRange     '4.4.0',
200 silly addNameRange     '4.4.1',
200 silly addNameRange     '4.4.2',
200 silly addNameRange     '4.4.3',
200 silly addNameRange     '4.4.4',
200 silly addNameRange     '4.4.5' ] ]
201 silly addNamed react-redux@4.4.5
202 verbose addNamed "4.4.5" is a plain semver version for react-redux
203 info retry fetch attempt 1 at 00:12:12
204 info attempt registry request try #1 at 00:12:12
205 http fetch GET https://registry.npmjs.org/terminal/-/terminal-0.1.4.tgz
206 silly cache afterAdd react-redux@4.4.5
207 verbose afterAdd C:\Users\jiasa\AppData\Roaming\npm-cache\react-redux\4.4.5\package\package.json not in flight; writing
208 verbose correctMkdir C:\Users\jiasa\AppData\Roaming\npm-cache correctMkdir not in flight; initializing
209 verbose afterAdd C:\Users\jiasa\AppData\Roaming\npm-cache\react-redux\4.4.5\package\package.json written
210 http 200 https://registry.npmjs.org/react
211 verbose headers { server: 'CouchDB/1.5.0 (Erlang OTP/R16B03)',
211 verbose headers   etag: '"93M5LDMCLFGSPRHJZ4LXN0R1Q"',
211 verbose headers   'content-type': 'application/json',
211 verbose headers   'content-encoding': 'gzip',
211 verbose headers   'cache-control': 'max-age=300',
211 verbose headers   'content-length': '12843',
211 verbose headers   'accept-ranges': 'bytes',
211 verbose headers   date: 'Thu, 23 Jun 2016 16:12:05 GMT',
211 verbose headers   via: '1.1 varnish',
211 verbose headers   age: '0',
211 verbose headers   connection: 'keep-alive',
211 verbose headers   'x-served-by': 'cache-itm7427-ITM',
211 verbose headers   'x-cache': 'HIT',
211 verbose headers   'x-cache-hits': '1',
211 verbose headers   'x-timer': 'S1466698325.061145,VS0,VE837',
211 verbose headers   vary: 'Accept-Encoding' }
212 silly get cb [ 200,
212 silly get   { server: 'CouchDB/1.5.0 (Erlang OTP/R16B03)',
212 silly get     etag: '"93M5LDMCLFGSPRHJZ4LXN0R1Q"',
212 silly get     'content-type': 'application/json',
212 silly get     'content-encoding': 'gzip',
212 silly get     'cache-control': 'max-age=300',
212 silly get     'content-length': '12843',
212 silly get     'accept-ranges': 'bytes',
212 silly get     date: 'Thu, 23 Jun 2016 16:12:05 GMT',
212 silly get     via: '1.1 varnish',
212 silly get     age: '0',
212 silly get     connection: 'keep-alive',
212 silly get     'x-served-by': 'cache-itm7427-ITM',
212 silly get     'x-cache': 'HIT',
212 silly get     'x-cache-hits': '1',
212 silly get     'x-timer': 'S1466698325.061145,VS0,VE837',
212 silly get     vary: 'Accept-Encoding' } ]
213 verbose get saving react to C:\Users\jiasa\AppData\Roaming\npm-cache\registry.npmjs.org\react\.cache.json
214 verbose correctMkdir C:\Users\jiasa\AppData\Roaming\npm-cache correctMkdir not in flight; initializing
215 silly resolveWithNewModule react@15.1.0 checking installable status
216 silly cache add args [ 'react@^15.1.0', null ]
217 verbose cache add spec react@^15.1.0
218 silly cache add parsed spec { raw: 'react@^15.1.0',
218 silly cache add   scope: null,
218 silly cache add   name: 'react',
218 silly cache add   rawSpec: '^15.1.0',
218 silly cache add   spec: '>=15.1.0 <16.0.0',
218 silly cache add   type: 'range' }
219 silly addNamed react@>=15.1.0 <16.0.0
220 verbose addNamed ">=15.1.0 <16.0.0" is a valid semver range for react
221 silly addNameRange { name: 'react', range: '>=15.1.0 <16.0.0', hasData: false }
222 silly mapToRegistry name react
223 silly mapToRegistry using default registry
224 silly mapToRegistry registry https://registry.npmjs.org/
225 silly mapToRegistry data { raw: 'react',
225 silly mapToRegistry   scope: null,
225 silly mapToRegistry   name: 'react',
225 silly mapToRegistry   rawSpec: '',
225 silly mapToRegistry   spec: 'latest',
225 silly mapToRegistry   type: 'tag' }
226 silly mapToRegistry uri https://registry.npmjs.org/react
227 verbose addNameRange registry:https://registry.npmjs.org/react not in flight; fetching
228 verbose get https://registry.npmjs.org/react not expired, no request
229 silly addNameRange number 2 { name: 'react', range: '>=15.1.0 <16.0.0', hasData: true }
230 silly addNameRange versions [ 'react',
230 silly addNameRange   [ '0.0.1',
230 silly addNameRange     '0.0.2',
230 silly addNameRange     '0.0.3',
230 silly addNameRange     '0.1.2',
230 silly addNameRange     '0.2.0',
230 silly addNameRange     '0.2.1',
230 silly addNameRange     '0.2.2',
230 silly addNameRange     '0.2.3',
230 silly addNameRange     '0.2.4',
230 silly addNameRange     '0.2.5',
230 silly addNameRange     '0.2.6',
230 silly addNameRange     '0.3.0',
230 silly addNameRange     '0.3.4',
230 silly addNameRange     '0.3.5',
230 silly addNameRange     '0.5.0',
230 silly addNameRange     '0.5.1',
230 silly addNameRange     '0.5.2',
230 silly addNameRange     '0.6.0',
230 silly addNameRange     '0.6.1',
230 silly addNameRange     '0.6.2',
230 silly addNameRange     '0.6.3',
230 silly addNameRange     '0.7.0',
230 silly addNameRange     '0.7.1',
230 silly addNameRange     '0.8.0',
230 silly addNameRange     '0.9.0-rc1',
230 silly addNameRange     '0.9.0',
230 silly addNameRange     '0.10.0-rc1',
230 silly addNameRange     '0.10.0',
230 silly addNameRange     '0.11.0-rc1',
230 silly addNameRange     '0.11.0',
230 silly addNameRange     '0.11.1',
230 silly addNameRange     '0.11.2',
230 silly addNameRange     '0.12.0-rc1',
230 silly addNameRange     '0.12.0',
230 silly addNameRange     '0.12.1',
230 silly addNameRange     '0.12.2',
230 silly addNameRange     '0.13.0-alpha.1',
230 silly addNameRange     '0.13.0-alpha.2',
230 silly addNameRange     '0.13.0-beta.1',
230 silly addNameRange     '0.13.0-beta.2',
230 silly addNameRange     '0.13.0-rc1',
230 silly addNameRange     '0.13.0-rc2',
230 silly addNameRange     '0.13.0',
230 silly addNameRange     '0.13.1',
230 silly addNameRange     '0.13.2',
230 silly addNameRange     '0.13.3',
230 silly addNameRange     '0.14.0-alpha1',
230 silly addNameRange     '0.14.0-alpha2',
230 silly addNameRange     '0.14.0-alpha3',
230 silly addNameRange     '0.14.0-beta1',
230 silly addNameRange     '0.14.0-beta2',
230 silly addNameRange     '0.14.0-beta3',
230 silly addNameRange     '0.14.0-rc1',
230 silly addNameRange     '0.14.0',
230 silly addNameRange     '0.14.1',
230 silly addNameRange     '0.14.2',
230 silly addNameRange     '0.14.3',
230 silly addNameRange     '0.14.4',
230 silly addNameRange     '0.14.5',
230 silly addNameRange     '0.14.6',
230 silly addNameRange     '0.15.0-alpha.1',
230 silly addNameRange     '0.14.7',
230 silly addNameRange     '15.0.0-rc.1',
230 silly addNameRange     '15.0.0-rc.2',
230 silly addNameRange     '0.14.8',
230 silly addNameRange     '15.0.0',
230 silly addNameRange     '15.0.1',
230 silly addNameRange     '15.0.2-alpha.1',
230 silly addNameRange     '15.0.2-alpha.2',
230 silly addNameRange     '15.0.2-alpha.3',
230 silly addNameRange     '15.0.2-alpha.4',
230 silly addNameRange     '15.0.2',
230 silly addNameRange     '15.0.3-alpha.1',
230 silly addNameRange     '15.0.3-alpha.2',
230 silly addNameRange     '15.1.0-alpha.1',
230 silly addNameRange     '15.1.0',
230 silly addNameRange     '15.2.0-rc.1' ] ]
231 silly addNamed react@15.1.0
232 verbose addNamed "15.1.0" is a plain semver version for react
233 silly cache afterAdd react@15.1.0
234 verbose afterAdd C:\Users\jiasa\AppData\Roaming\npm-cache\react\15.1.0\package\package.json not in flight; writing
235 verbose correctMkdir C:\Users\jiasa\AppData\Roaming\npm-cache correctMkdir not in flight; initializing
236 verbose afterAdd C:\Users\jiasa\AppData\Roaming\npm-cache\react\15.1.0\package\package.json written
237 http 200 https://registry.npmjs.org/react-router
238 verbose headers { server: 'CouchDB/1.5.0 (Erlang OTP/R16B03)',
238 verbose headers   etag: '"1C6JAAX2BFYSOL8ZX97L7CE9F"',
238 verbose headers   'content-type': 'application/json',
238 verbose headers   'content-encoding': 'gzip',
238 verbose headers   'cache-control': 'max-age=300',
238 verbose headers   'content-length': '19044',
238 verbose headers   'accept-ranges': 'bytes',
238 verbose headers   date: 'Thu, 23 Jun 2016 16:12:05 GMT',
238 verbose headers   via: '1.1 varnish',
238 verbose headers   age: '0',
238 verbose headers   connection: 'keep-alive',
238 verbose headers   'x-served-by': 'cache-itm7427-ITM',
238 verbose headers   'x-cache': 'HIT',
238 verbose headers   'x-cache-hits': '1',
238 verbose headers   'x-timer': 'S1466698325.034097,VS0,VE598',
238 verbose headers   vary: 'Accept-Encoding' }
239 silly get cb [ 200,
239 silly get   { server: 'CouchDB/1.5.0 (Erlang OTP/R16B03)',
239 silly get     etag: '"1C6JAAX2BFYSOL8ZX97L7CE9F"',
239 silly get     'content-type': 'application/json',
239 silly get     'content-encoding': 'gzip',
239 silly get     'cache-control': 'max-age=300',
239 silly get     'content-length': '19044',
239 silly get     'accept-ranges': 'bytes',
239 silly get     date: 'Thu, 23 Jun 2016 16:12:05 GMT',
239 silly get     via: '1.1 varnish',
239 silly get     age: '0',
239 silly get     connection: 'keep-alive',
239 silly get     'x-served-by': 'cache-itm7427-ITM',
239 silly get     'x-cache': 'HIT',
239 silly get     'x-cache-hits': '1',
239 silly get     'x-timer': 'S1466698325.034097,VS0,VE598',
239 silly get     vary: 'Accept-Encoding' } ]
240 verbose get saving react-router to C:\Users\jiasa\AppData\Roaming\npm-cache\registry.npmjs.org\react-router\.cache.json
241 verbose correctMkdir C:\Users\jiasa\AppData\Roaming\npm-cache correctMkdir not in flight; initializing
242 silly resolveWithNewModule react-router@2.5.0 checking installable status
243 silly cache add args [ 'react-router@^2.4.1', null ]
244 verbose cache add spec react-router@^2.4.1
245 silly cache add parsed spec { raw: 'react-router@^2.4.1',
245 silly cache add   scope: null,
245 silly cache add   name: 'react-router',
245 silly cache add   rawSpec: '^2.4.1',
245 silly cache add   spec: '>=2.4.1 <3.0.0',
245 silly cache add   type: 'range' }
246 silly addNamed react-router@>=2.4.1 <3.0.0
247 verbose addNamed ">=2.4.1 <3.0.0" is a valid semver range for react-router
248 silly addNameRange { name: 'react-router', range: '>=2.4.1 <3.0.0', hasData: false }
249 silly mapToRegistry name react-router
250 silly mapToRegistry using default registry
251 silly mapToRegistry registry https://registry.npmjs.org/
252 silly mapToRegistry data { raw: 'react-router',
252 silly mapToRegistry   scope: null,
252 silly mapToRegistry   name: 'react-router',
252 silly mapToRegistry   rawSpec: '',
252 silly mapToRegistry   spec: 'latest',
252 silly mapToRegistry   type: 'tag' }
253 silly mapToRegistry uri https://registry.npmjs.org/react-router
254 verbose addNameRange registry:https://registry.npmjs.org/react-router not in flight; fetching
255 verbose get https://registry.npmjs.org/react-router not expired, no request
256 silly addNameRange number 2 { name: 'react-router', range: '>=2.4.1 <3.0.0', hasData: true }
257 silly addNameRange versions [ 'react-router',
257 silly addNameRange   [ '0.0.0',
257 silly addNameRange     '0.0.1',
257 silly addNameRange     '0.4.0',
257 silly addNameRange     '0.4.1',
257 silly addNameRange     '0.4.2',
257 silly addNameRange     '0.5.0',
257 silly addNameRange     '0.5.1',
257 silly addNameRange     '0.5.2',
257 silly addNameRange     '0.5.3',
257 silly addNameRange     '0.6.0',
257 silly addNameRange     '0.6.1',
257 silly addNameRange     '0.7.0',
257 silly addNameRange     '0.8.0',
257 silly addNameRange     '0.9.0',
257 silly addNameRange     '0.9.1',
257 silly addNameRange     '0.9.2',
257 silly addNameRange     '0.9.3',
257 silly addNameRange     '0.9.4',
257 silly addNameRange     '0.9.5',
257 silly addNameRange     '0.10.0',
257 silly addNameRange     '0.10.1',
257 silly addNameRange     '0.10.2',
257 silly addNameRange     '0.11.0',
257 silly addNameRange     '0.11.1',
257 silly addNameRange     '0.11.2',
257 silly addNameRange     '0.11.3',
257 silly addNameRange     '0.11.4',
257 silly addNameRange     '0.11.5',
257 silly addNameRange     '0.11.6',
257 silly addNameRange     '0.12.0',
257 silly addNameRange     '0.12.1',
257 silly addNameRange     '0.12.2',
257 silly addNameRange     '0.12.3',
257 silly addNameRange     '0.12.4',
257 silly addNameRange     '0.13.0',
257 silly addNameRange     '0.13.1',
257 silly addNameRange     '0.13.2',
257 silly addNameRange     '0.13.3',
257 silly addNameRange     '1.0.0-alpha1',
257 silly addNameRange     '1.0.0-alpha2',
257 silly addNameRange     '1.0.0-beta1',
257 silly addNameRange     '1.0.0-beta2',
257 silly addNameRange     '1.0.0-beta3',
257 silly addNameRange     '1.0.0-beta4',
257 silly addNameRange     '1.0.0-rc1',
257 silly addNameRange     '0.13.4',
257 silly addNameRange     '1.0.0-rc2',
257 silly addNameRange     '1.0.0-rc3',
257 silly addNameRange     '0.13.5',
257 silly addNameRange     '1.0.0-rc4',
257 silly addNameRange     '1.0.0',
257 silly addNameRange     '1.0.1',
257 silly addNameRange     '1.0.2',
257 silly addNameRange     '1.0.3',
257 silly addNameRange     '2.0.0-rc1',
257 silly addNameRange     '2.0.0-rc2',
257 silly addNameRange     '2.0.0-rc3',
257 silly addNameRange     '2.0.0-rc4',
257 silly addNameRange     '2.0.0-rc5',
257 silly addNameRange     '2.0.0-rc6',
257 silly addNameRange     '2.0.0',
257 silly addNameRange     '2.0.1',
257 silly addNameRange     '2.1.0',
257 silly addNameRange     '2.1.1',
257 silly addNameRange     '2.2.0',
257 silly addNameRange     '2.2.1',
257 silly addNameRange     '2.2.2',
257 silly addNameRange     '2.2.4',
257 silly addNameRange     '2.3.0',
257 silly addNameRange     '2.4.0',
257 silly addNameRange     '2.4.1',
257 silly addNameRange     '3.0.0-alpha.1',
257 silly addNameRange     '2.5.0' ] ]
258 silly addNamed react-router@2.5.0
259 verbose addNamed "2.5.0" is a plain semver version for react-router
260 silly mapToRegistry name react-router
261 silly mapToRegistry using default registry
262 silly mapToRegistry registry https://registry.npmjs.org/
263 silly mapToRegistry data { raw: 'react-router',
263 silly mapToRegistry   scope: null,
263 silly mapToRegistry   name: 'react-router',
263 silly mapToRegistry   rawSpec: '',
263 silly mapToRegistry   spec: 'latest',
263 silly mapToRegistry   type: 'tag' }
264 silly mapToRegistry uri https://registry.npmjs.org/react-router
265 verbose addRemoteTarball https://registry.npmjs.org/react-router/-/react-router-2.5.0.tgz not in flight; adding
266 verbose addRemoteTarball [ 'https://registry.npmjs.org/react-router/-/react-router-2.5.0.tgz',
266 verbose addRemoteTarball   'e1c97af161e8f92a98c888e38ea758c7f2a8cc3f' ]
267 info retry fetch attempt 1 at 00:12:12
268 info attempt registry request try #1 at 00:12:12
269 http fetch GET https://registry.npmjs.org/react-router/-/react-router-2.5.0.tgz
270 http 200 https://registry.npmjs.org/redux
271 verbose headers { server: 'CouchDB/1.5.0 (Erlang OTP/R16B03)',
271 verbose headers   etag: '"EKCL7DGBJ5GPS7B36RQB5MRVS"',
271 verbose headers   'content-type': 'application/json',
271 verbose headers   'content-encoding': 'gzip',
271 verbose headers   'cache-control': 'max-age=300',
271 verbose headers   'content-length': '19555',
271 verbose headers   'accept-ranges': 'bytes',
271 verbose headers   date: 'Thu, 23 Jun 2016 16:12:05 GMT',
271 verbose headers   via: '1.1 varnish',
271 verbose headers   age: '0',
271 verbose headers   connection: 'keep-alive',
271 verbose headers   'x-served-by': 'cache-itm7421-ITM',
271 verbose headers   'x-cache': 'MISS',
271 verbose headers   'x-cache-hits': '0',
271 verbose headers   'x-timer': 'S1466698325.079908,VS0,VE784',
271 verbose headers   vary: 'Accept-Encoding' }
272 silly get cb [ 200,
272 silly get   { server: 'CouchDB/1.5.0 (Erlang OTP/R16B03)',
272 silly get     etag: '"EKCL7DGBJ5GPS7B36RQB5MRVS"',
272 silly get     'content-type': 'application/json',
272 silly get     'content-encoding': 'gzip',
272 silly get     'cache-control': 'max-age=300',
272 silly get     'content-length': '19555',
272 silly get     'accept-ranges': 'bytes',
272 silly get     date: 'Thu, 23 Jun 2016 16:12:05 GMT',
272 silly get     via: '1.1 varnish',
272 silly get     age: '0',
272 silly get     connection: 'keep-alive',
272 silly get     'x-served-by': 'cache-itm7421-ITM',
272 silly get     'x-cache': 'MISS',
272 silly get     'x-cache-hits': '0',
272 silly get     'x-timer': 'S1466698325.079908,VS0,VE784',
272 silly get     vary: 'Accept-Encoding' } ]
273 verbose get saving redux to C:\Users\jiasa\AppData\Roaming\npm-cache\registry.npmjs.org\redux\.cache.json
274 verbose correctMkdir C:\Users\jiasa\AppData\Roaming\npm-cache correctMkdir not in flight; initializing
275 silly resolveWithNewModule redux@3.5.2 checking installable status
276 silly cache add args [ 'redux@^3.5.2', null ]
277 verbose cache add spec redux@^3.5.2
278 silly cache add parsed spec { raw: 'redux@^3.5.2',
278 silly cache add   scope: null,
278 silly cache add   name: 'redux',
278 silly cache add   rawSpec: '^3.5.2',
278 silly cache add   spec: '>=3.5.2 <4.0.0',
278 silly cache add   type: 'range' }
279 silly addNamed redux@>=3.5.2 <4.0.0
280 verbose addNamed ">=3.5.2 <4.0.0" is a valid semver range for redux
281 silly addNameRange { name: 'redux', range: '>=3.5.2 <4.0.0', hasData: false }
282 silly mapToRegistry name redux
283 silly mapToRegistry using default registry
284 silly mapToRegistry registry https://registry.npmjs.org/
285 silly mapToRegistry data { raw: 'redux',
285 silly mapToRegistry   scope: null,
285 silly mapToRegistry   name: 'redux',
285 silly mapToRegistry   rawSpec: '',
285 silly mapToRegistry   spec: 'latest',
285 silly mapToRegistry   type: 'tag' }
286 silly mapToRegistry uri https://registry.npmjs.org/redux
287 verbose addNameRange registry:https://registry.npmjs.org/redux not in flight; fetching
288 verbose get https://registry.npmjs.org/redux not expired, no request
289 silly addNameRange number 2 { name: 'redux', range: '>=3.5.2 <4.0.0', hasData: true }
290 silly addNameRange versions [ 'redux',
290 silly addNameRange   [ '0.0.1',
290 silly addNameRange     '0.0.2',
290 silly addNameRange     '0.0.3',
290 silly addNameRange     '0.0.4',
290 silly addNameRange     '0.1.0',
290 silly addNameRange     '0.2.0',
290 silly addNameRange     '0.2.1',
290 silly addNameRange     '0.2.2',
290 silly addNameRange     '0.3.0',
290 silly addNameRange     '0.3.1',
290 silly addNameRange     '0.4.0',
290 silly addNameRange     '0.5.0',
290 silly addNameRange     '0.5.1',
290 silly addNameRange     '0.6.0',
290 silly addNameRange     '0.6.1',
290 silly addNameRange     '0.6.2',
290 silly addNameRange     '0.7.0',
290 silly addNameRange     '0.8.0',
290 silly addNameRange     '0.8.1',
290 silly addNameRange     '0.9.0',
290 silly addNameRange     '0.10.0',
290 silly addNameRange     '0.10.1',
290 silly addNameRange     '0.11.0',
290 silly addNameRange     '0.11.1',
290 silly addNameRange     '0.12.0',
290 silly addNameRange     '1.0.0-alpha',
290 silly addNameRange     '1.0.0-rc',
290 silly addNameRange     '1.0.0',
290 silly addNameRange     '1.0.1',
290 silly addNameRange     '2.0.0',
290 silly addNameRange     '3.0.0',
290 silly addNameRange     '3.0.1',
290 silly addNameRange     '3.0.2',
290 silly addNameRange     '3.0.3',
290 silly addNameRange     '3.0.4',
290 silly addNameRange     '3.0.5',
290 silly addNameRange     '3.0.6',
290 silly addNameRange     '3.1.0',
290 silly addNameRange     '3.1.1',
290 silly addNameRange     '3.1.2',
290 silly addNameRange     '3.1.3',
290 silly addNameRange     '3.1.4',
290 silly addNameRange     '3.1.5',
290 silly addNameRange     '3.1.6',
290 silly addNameRange     '3.1.7',
290 silly addNameRange     '3.2.0',
290 silly addNameRange     '3.2.1',
290 silly addNameRange     '3.3.0',
290 silly addNameRange     '3.3.1',
290 silly addNameRange     '3.4.0',
290 silly addNameRange     '3.5.0',
290 silly addNameRange     '3.5.1',
290 silly addNameRange     '3.5.2' ] ]
291 silly addNamed redux@3.5.2
292 verbose addNamed "3.5.2" is a plain semver version for redux
293 silly cache afterAdd redux@3.5.2
294 verbose afterAdd C:\Users\jiasa\AppData\Roaming\npm-cache\redux\3.5.2\package\package.json not in flight; writing
295 verbose correctMkdir C:\Users\jiasa\AppData\Roaming\npm-cache correctMkdir not in flight; initializing
296 verbose afterAdd C:\Users\jiasa\AppData\Roaming\npm-cache\redux\3.5.2\package\package.json written
297 info retry will retry, error on last attempt: Error: read ECONNRESET
298 info retry will retry, error on last attempt: Error: read ECONNRESET
299 info attempt registry request try #2 at 00:12:43
300 http fetch GET https://registry.npmjs.org/terminal/-/terminal-0.1.4.tgz
301 info attempt registry request try #2 at 00:12:44
302 http fetch GET https://registry.npmjs.org/react-router/-/react-router-2.5.0.tgz
303 info retry will retry, error on last attempt: Error: read ECONNRESET
304 info retry will retry, error on last attempt: Error: read ECONNRESET
305 info attempt registry request try #3 at 00:14:02
306 http fetch GET https://registry.npmjs.org/terminal/-/terminal-0.1.4.tgz
307 info attempt registry request try #3 at 00:14:02
308 http fetch GET https://registry.npmjs.org/react-router/-/react-router-2.5.0.tgz
309 error fetch failed https://registry.npmjs.org/terminal/-/terminal-0.1.4.tgz
310 warn retry will retry, error on last attempt: Error: read ECONNRESET
311 error fetch failed https://registry.npmjs.org/react-router/-/react-router-2.5.0.tgz
312 warn retry will retry, error on last attempt: Error: read ECONNRESET
313 info retry fetch attempt 2 at 00:14:31
314 info attempt registry request try #1 at 00:14:31
315 http fetch GET https://registry.npmjs.org/terminal/-/terminal-0.1.4.tgz
316 info retry fetch attempt 2 at 00:14:31
317 info attempt registry request try #1 at 00:14:31
318 http fetch GET https://registry.npmjs.org/react-router/-/react-router-2.5.0.tgz
319 info retry will retry, error on last attempt: Error: read ECONNRESET
320 info retry will retry, error on last attempt: Error: read ECONNRESET
321 info attempt registry request try #2 at 00:15:00
322 http fetch GET https://registry.npmjs.org/terminal/-/terminal-0.1.4.tgz
323 info attempt registry request try #2 at 00:15:00
324 http fetch GET https://registry.npmjs.org/react-router/-/react-router-2.5.0.tgz
325 info retry will retry, error on last attempt: Error: read ECONNRESET
326 info retry will retry, error on last attempt: Error: read ECONNRESET
327 info attempt registry request try #3 at 00:16:20
328 http fetch GET https://registry.npmjs.org/react-router/-/react-router-2.5.0.tgz
329 info attempt registry request try #3 at 00:16:20
330 http fetch GET https://registry.npmjs.org/terminal/-/terminal-0.1.4.tgz
331 error fetch failed https://registry.npmjs.org/terminal/-/terminal-0.1.4.tgz
332 warn retry will retry, error on last attempt: Error: read ECONNRESET
333 error fetch failed https://registry.npmjs.org/react-router/-/react-router-2.5.0.tgz
334 warn retry will retry, error on last attempt: Error: read ECONNRESET
335 info retry fetch attempt 3 at 00:17:39
336 info attempt registry request try #1 at 00:17:39
337 http fetch GET https://registry.npmjs.org/terminal/-/terminal-0.1.4.tgz
338 info retry fetch attempt 3 at 00:17:39
339 info attempt registry request try #1 at 00:17:39
340 http fetch GET https://registry.npmjs.org/react-router/-/react-router-2.5.0.tgz
341 info retry will retry, error on last attempt: Error: read ECONNRESET
342 info retry will retry, error on last attempt: Error: read ECONNRESET
343 info attempt registry request try #2 at 00:18:08
344 http fetch GET https://registry.npmjs.org/terminal/-/terminal-0.1.4.tgz
345 info attempt registry request try #2 at 00:18:08
346 http fetch GET https://registry.npmjs.org/react-router/-/react-router-2.5.0.tgz
347 info retry will retry, error on last attempt: Error: read ECONNRESET
348 info retry will retry, error on last attempt: Error: read ECONNRESET
349 info attempt registry request try #3 at 00:19:27
350 http fetch GET https://registry.npmjs.org/react-router/-/react-router-2.5.0.tgz
351 info attempt registry request try #3 at 00:19:27
352 http fetch GET https://registry.npmjs.org/terminal/-/terminal-0.1.4.tgz
353 error fetch failed https://registry.npmjs.org/terminal/-/terminal-0.1.4.tgz
354 error fetch failed https://registry.npmjs.org/react-router/-/react-router-2.5.0.tgz
355 silly rollbackFailedOptional Starting
356 silly rollbackFailedOptional Finishing
357 silly runTopLevelLifecycles Starting
358 silly runTopLevelLifecycles Finishing
359 silly install printInstalled
360 verbose stack Error: read ECONNRESET
360 verbose stack     at exports._errnoException (util.js:746:11)
360 verbose stack     at TCP.onread (net.js:559:26)
361 verbose cwd d:\\admin\react
362 error Windows_NT 6.3.9600
363 error argv "C:\\Program Files (x86)\\nodejs\\\\node.exe" "C:\\Program Files (x86)\\nodejs\\node_modules\\npm\\bin\\npm-cli.js" "install"
364 error node v0.12.2
365 error npm  v3.9.5
366 error code ECONNRESET
367 error errno ECONNRESET
368 error syscall read
369 error network read ECONNRESET
370 error network This is most likely not a problem with npm itself
370 error network and is related to network connectivity.
370 error network In most cases you are behind a proxy or have bad network settings.
370 error network
370 error network If you are behind a proxy, please make sure that the
370 error network 'proxy' config is set properly.  See: 'npm help config'
371 verbose exit [ 1, true ]
